{"C:\\Users\\nicheducan\\Desktop\\SQE\\expense-tracker-app-main\\backend\\app.js": {"path":"C:\\Users\\nicheducan\\Desktop\\SQE\\expense-tracker-app-main\\backend\\app.js","statementMap":{"0":{"start":{"line":3,"column":0},"end":{"line":3,"column":48}},"1":{"start":{"line":17,"column":12},"end":{"line":17,"column":null}},"2":{"start":{"line":19,"column":0},"end":{"line":22,"column":null}},"3":{"start":{"line":25,"column":0},"end":{"line":25,"column":null}},"4":{"start":{"line":26,"column":0},"end":{"line":26,"column":null}},"5":{"start":{"line":29,"column":0},"end":{"line":29,"column":null}},"6":{"start":{"line":31,"column":0},"end":{"line":33,"column":null}},"7":{"start":{"line":32,"column":2},"end":{"line":32,"column":null}},"8":{"start":{"line":35,"column":23},"end":{"line":40,"column":null}},"9":{"start":{"line":42,"column":0},"end":{"line":42,"column":null}},"10":{"start":{"line":43,"column":0},"end":{"line":48,"column":null}},"11":{"start":{"line":50,"column":0},"end":{"line":50,"column":null}},"12":{"start":{"line":51,"column":0},"end":{"line":51,"column":null}},"13":{"start":{"line":52,"column":0},"end":{"line":52,"column":null}},"14":{"start":{"line":53,"column":0},"end":{"line":53,"column":null}},"15":{"start":{"line":54,"column":0},"end":{"line":54,"column":null}},"16":{"start":{"line":56,"column":0},"end":{"line":56,"column":null}},"17":{"start":{"line":57,"column":0},"end":{"line":57,"column":null}},"18":{"start":{"line":59,"column":0},"end":{"line":61,"column":null}},"19":{"start":{"line":60,"column":2},"end":{"line":60,"column":null}},"20":{"start":{"line":64,"column":0},"end":{"line":64,"column":null}},"21":{"start":{"line":68,"column":0},"end":{"line":72,"column":null}},"22":{"start":{"line":69,"column":16},"end":{"line":69,"column":null}},"23":{"start":{"line":70,"column":2},"end":{"line":70,"column":null}},"24":{"start":{"line":71,"column":2},"end":{"line":71,"column":15}},"25":{"start":{"line":76,"column":13},"end":{"line":76,"column":null}},"26":{"start":{"line":79,"column":0},"end":{"line":83,"column":null}},"27":{"start":{"line":80,"column":2},"end":{"line":82,"column":null}},"28":{"start":{"line":81,"column":4},"end":{"line":81,"column":null}}},"fnMap":{"0":{"name":"(anonymous_0)","decl":{"start":{"line":31,"column":23},"end":{"line":31,"column":24}},"loc":{"start":{"line":31,"column":29},"end":{"line":33,"column":null}}},"1":{"name":"(anonymous_1)","decl":{"start":{"line":59,"column":13},"end":{"line":59,"column":14}},"loc":{"start":{"line":59,"column":19},"end":{"line":61,"column":null}}},"2":{"name":"(anonymous_2)","decl":{"start":{"line":68,"column":29},"end":{"line":68,"column":30}},"loc":{"start":{"line":68,"column":40},"end":{"line":72,"column":null}}},"3":{"name":"(anonymous_3)","decl":{"start":{"line":80,"column":19},"end":{"line":80,"column":null}},"loc":{"start":{"line":80,"column":19},"end":{"line":82,"column":null}}}},"branchMap":{"0":{"loc":{"start":{"line":76,"column":13},"end":{"line":76,"column":null}},"type":"binary-expr","locations":[{"start":{"line":76,"column":13},"end":{"line":76,"column":29}},{"start":{"line":76,"column":33},"end":{"line":76,"column":null}}]},"1":{"loc":{"start":{"line":79,"column":0},"end":{"line":83,"column":null}},"type":"if","locations":[{"start":{"line":79,"column":0},"end":{"line":83,"column":null}},{"start":{},"end":{}}]}},"s":{"0":10,"1":10,"2":10,"3":10,"4":10,"5":10,"6":10,"7":1,"8":10,"9":10,"10":10,"11":10,"12":10,"13":10,"14":10,"15":10,"16":10,"17":10,"18":10,"19":0,"20":10,"21":10,"22":0,"23":0,"24":0,"25":10,"26":10,"27":0,"28":0},"f":{"0":1,"1":0,"2":0,"3":0},"b":{"0":[10,0],"1":[0,10]}}
,"C:\\Users\\nicheducan\\Desktop\\SQE\\expense-tracker-app-main\\backend\\DB\\Database.js": {"path":"C:\\Users\\nicheducan\\Desktop\\SQE\\expense-tracker-app-main\\backend\\DB\\Database.js","statementMap":{"0":{"start":{"line":4,"column":0},"end":{"line":4,"column":49}},"1":{"start":{"line":8,"column":0},"end":{"line":8,"column":50}},"2":{"start":{"line":11,"column":25},"end":{"line":23,"column":2}},"3":{"start":{"line":12,"column":2},"end":{"line":22,"column":null}},"4":{"start":{"line":13,"column":15},"end":{"line":13,"column":36}},"5":{"start":{"line":14,"column":27},"end":{"line":17,"column":null}},"6":{"start":{"line":18,"column":4},"end":{"line":18,"column":null}},"7":{"start":{"line":20,"column":4},"end":{"line":20,"column":null}},"8":{"start":{"line":21,"column":4},"end":{"line":21,"column":null}}},"fnMap":{"0":{"name":"(anonymous_0)","decl":{"start":{"line":11,"column":25},"end":{"line":11,"column":null}},"loc":{"start":{"line":11,"column":25},"end":{"line":23,"column":2}}}},"branchMap":{},"s":{"0":10,"1":10,"2":10,"3":20,"4":20,"5":20,"6":20,"7":0,"8":0},"f":{"0":20},"b":{}}
,"C:\\Users\\nicheducan\\Desktop\\SQE\\expense-tracker-app-main\\backend\\Routers\\Transactions.js": {"path":"C:\\Users\\nicheducan\\Desktop\\SQE\\expense-tracker-app-main\\backend\\Routers\\Transactions.js","statementMap":{"0":{"start":{"line":4,"column":15},"end":{"line":4,"column":null}},"1":{"start":{"line":6,"column":0},"end":{"line":6,"column":null}},"2":{"start":{"line":8,"column":0},"end":{"line":8,"column":null}},"3":{"start":{"line":10,"column":0},"end":{"line":10,"column":null}},"4":{"start":{"line":12,"column":0},"end":{"line":12,"column":null}}},"fnMap":{},"branchMap":{},"s":{"0":10,"1":10,"2":10,"3":10,"4":10},"f":{},"b":{}}
,"C:\\Users\\nicheducan\\Desktop\\SQE\\expense-tracker-app-main\\backend\\Routers\\userRouter.js": {"path":"C:\\Users\\nicheducan\\Desktop\\SQE\\expense-tracker-app-main\\backend\\Routers\\userRouter.js","statementMap":{"0":{"start":{"line":4,"column":15},"end":{"line":4,"column":null}},"1":{"start":{"line":6,"column":0},"end":{"line":6,"column":null}},"2":{"start":{"line":8,"column":0},"end":{"line":8,"column":null}},"3":{"start":{"line":10,"column":0},"end":{"line":10,"column":null}}},"fnMap":{},"branchMap":{},"s":{"0":10,"1":10,"2":10,"3":10},"f":{},"b":{}}
,"C:\\Users\\nicheducan\\Desktop\\SQE\\expense-tracker-app-main\\backend\\controllers\\transactionController.js": {"path":"C:\\Users\\nicheducan\\Desktop\\SQE\\expense-tracker-app-main\\backend\\controllers\\transactionController.js","statementMap":{"0":{"start":{"line":5,"column":40},"end":{"line":66,"column":2}},"1":{"start":{"line":6,"column":2},"end":{"line":65,"column":null}},"2":{"start":{"line":15,"column":8},"end":{"line":15,"column":16}},"3":{"start":{"line":19,"column":4},"end":{"line":31,"column":null}},"4":{"start":{"line":27,"column":6},"end":{"line":30,"column":null}},"5":{"start":{"line":33,"column":17},"end":{"line":33,"column":null}},"6":{"start":{"line":35,"column":4},"end":{"line":40,"column":null}},"7":{"start":{"line":36,"column":6},"end":{"line":39,"column":null}},"8":{"start":{"line":42,"column":25},"end":{"line":50,"column":null}},"9":{"start":{"line":52,"column":4},"end":{"line":52,"column":null}},"10":{"start":{"line":54,"column":4},"end":{"line":54,"column":null}},"11":{"start":{"line":56,"column":4},"end":{"line":59,"column":null}},"12":{"start":{"line":61,"column":4},"end":{"line":64,"column":null}},"13":{"start":{"line":68,"column":43},"end":{"line":120,"column":2}},"14":{"start":{"line":69,"column":2},"end":{"line":119,"column":null}},"15":{"start":{"line":70,"column":60},"end":{"line":70,"column":68}},"16":{"start":{"line":72,"column":4},"end":{"line":72,"column":null}},"17":{"start":{"line":74,"column":17},"end":{"line":74,"column":null}},"18":{"start":{"line":76,"column":4},"end":{"line":81,"column":null}},"19":{"start":{"line":77,"column":6},"end":{"line":80,"column":null}},"20":{"start":{"line":84,"column":18},"end":{"line":86,"column":null}},"21":{"start":{"line":88,"column":4},"end":{"line":90,"column":null}},"22":{"start":{"line":89,"column":6},"end":{"line":89,"column":null}},"23":{"start":{"line":93,"column":4},"end":{"line":102,"column":null}},"24":{"start":{"line":94,"column":6},"end":{"line":96,"column":null}},"25":{"start":{"line":97,"column":11},"end":{"line":102,"column":null}},"26":{"start":{"line":98,"column":6},"end":{"line":101,"column":null}},"27":{"start":{"line":106,"column":25},"end":{"line":106,"column":null}},"28":{"start":{"line":110,"column":4},"end":{"line":113,"column":null}},"29":{"start":{"line":115,"column":4},"end":{"line":118,"column":null}},"30":{"start":{"line":123,"column":43},"end":{"line":169,"column":2}},"31":{"start":{"line":124,"column":2},"end":{"line":168,"column":null}},"32":{"start":{"line":125,"column":26},"end":{"line":125,"column":39}},"33":{"start":{"line":126,"column":19},"end":{"line":126,"column":34}},"34":{"start":{"line":130,"column":17},"end":{"line":130,"column":null}},"35":{"start":{"line":132,"column":4},"end":{"line":137,"column":null}},"36":{"start":{"line":133,"column":6},"end":{"line":136,"column":null}},"37":{"start":{"line":138,"column":31},"end":{"line":139,"column":null}},"38":{"start":{"line":142,"column":4},"end":{"line":147,"column":null}},"39":{"start":{"line":143,"column":6},"end":{"line":146,"column":null}},"40":{"start":{"line":149,"column":27},"end":{"line":150,"column":null}},"41":{"start":{"line":150,"column":23},"end":{"line":150,"column":null}},"42":{"start":{"line":153,"column":4},"end":{"line":153,"column":null}},"43":{"start":{"line":155,"column":4},"end":{"line":155,"column":null}},"44":{"start":{"line":159,"column":4},"end":{"line":162,"column":null}},"45":{"start":{"line":164,"column":4},"end":{"line":167,"column":null}},"46":{"start":{"line":171,"column":43},"end":{"line":227,"column":2}},"47":{"start":{"line":172,"column":2},"end":{"line":226,"column":null}},"48":{"start":{"line":173,"column":26},"end":{"line":173,"column":39}},"49":{"start":{"line":176,"column":6},"end":{"line":176,"column":14}},"50":{"start":{"line":178,"column":4},"end":{"line":178,"column":null}},"51":{"start":{"line":180,"column":31},"end":{"line":180,"column":null}},"52":{"start":{"line":182,"column":4},"end":{"line":187,"column":null}},"53":{"start":{"line":183,"column":6},"end":{"line":186,"column":null}},"54":{"start":{"line":189,"column":4},"end":{"line":191,"column":null}},"55":{"start":{"line":190,"column":6},"end":{"line":190,"column":null}},"56":{"start":{"line":193,"column":4},"end":{"line":195,"column":null}},"57":{"start":{"line":194,"column":6},"end":{"line":194,"column":null}},"58":{"start":{"line":197,"column":4},"end":{"line":199,"column":null}},"59":{"start":{"line":198,"column":6},"end":{"line":198,"column":null}},"60":{"start":{"line":201,"column":4},"end":{"line":203,"column":null}},"61":{"start":{"line":202,"column":6},"end":{"line":202,"column":null}},"62":{"start":{"line":204,"column":4},"end":{"line":206,"column":null}},"63":{"start":{"line":205,"column":6},"end":{"line":205,"column":null}},"64":{"start":{"line":208,"column":4},"end":{"line":210,"column":null}},"65":{"start":{"line":209,"column":6},"end":{"line":209,"column":null}},"66":{"start":{"line":212,"column":4},"end":{"line":212,"column":null}},"67":{"start":{"line":216,"column":4},"end":{"line":220,"column":null}},"68":{"start":{"line":222,"column":4},"end":{"line":225,"column":null}}},"fnMap":{"0":{"name":"(anonymous_0)","decl":{"start":{"line":5,"column":40},"end":{"line":5,"column":47}},"loc":{"start":{"line":5,"column":52},"end":{"line":66,"column":2}}},"1":{"name":"(anonymous_1)","decl":{"start":{"line":68,"column":43},"end":{"line":68,"column":50}},"loc":{"start":{"line":68,"column":55},"end":{"line":120,"column":2}}},"2":{"name":"(anonymous_2)","decl":{"start":{"line":123,"column":43},"end":{"line":123,"column":50}},"loc":{"start":{"line":123,"column":55},"end":{"line":169,"column":2}}},"3":{"name":"(anonymous_3)","decl":{"start":{"line":150,"column":6},"end":{"line":150,"column":7}},"loc":{"start":{"line":150,"column":23},"end":{"line":150,"column":null}}},"4":{"name":"(anonymous_4)","decl":{"start":{"line":171,"column":43},"end":{"line":171,"column":50}},"loc":{"start":{"line":171,"column":55},"end":{"line":227,"column":2}}}},"branchMap":{"0":{"loc":{"start":{"line":19,"column":4},"end":{"line":31,"column":null}},"type":"if","locations":[{"start":{"line":19,"column":4},"end":{"line":31,"column":null}},{"start":{},"end":{}}]},"1":{"loc":{"start":{"line":20,"column":6},"end":{"line":25,"column":null}},"type":"binary-expr","locations":[{"start":{"line":20,"column":6},"end":{"line":20,"column":null}},{"start":{"line":21,"column":6},"end":{"line":21,"column":null}},{"start":{"line":22,"column":6},"end":{"line":22,"column":null}},{"start":{"line":23,"column":6},"end":{"line":23,"column":null}},{"start":{"line":24,"column":6},"end":{"line":24,"column":null}},{"start":{"line":25,"column":6},"end":{"line":25,"column":null}}]},"2":{"loc":{"start":{"line":35,"column":4},"end":{"line":40,"column":null}},"type":"if","locations":[{"start":{"line":35,"column":4},"end":{"line":40,"column":null}},{"start":{},"end":{}}]},"3":{"loc":{"start":{"line":76,"column":4},"end":{"line":81,"column":null}},"type":"if","locations":[{"start":{"line":76,"column":4},"end":{"line":81,"column":null}},{"start":{},"end":{}}]},"4":{"loc":{"start":{"line":88,"column":4},"end":{"line":90,"column":null}},"type":"if","locations":[{"start":{"line":88,"column":4},"end":{"line":90,"column":null}},{"start":{},"end":{}}]},"5":{"loc":{"start":{"line":93,"column":4},"end":{"line":102,"column":null}},"type":"if","locations":[{"start":{"line":93,"column":4},"end":{"line":102,"column":null}},{"start":{"line":97,"column":11},"end":{"line":102,"column":null}}]},"6":{"loc":{"start":{"line":97,"column":11},"end":{"line":102,"column":null}},"type":"if","locations":[{"start":{"line":97,"column":11},"end":{"line":102,"column":null}},{"start":{},"end":{}}]},"7":{"loc":{"start":{"line":97,"column":15},"end":{"line":97,"column":37}},"type":"binary-expr","locations":[{"start":{"line":97,"column":15},"end":{"line":97,"column":28}},{"start":{"line":97,"column":28},"end":{"line":97,"column":37}}]},"8":{"loc":{"start":{"line":132,"column":4},"end":{"line":137,"column":null}},"type":"if","locations":[{"start":{"line":132,"column":4},"end":{"line":137,"column":null}},{"start":{},"end":{}}]},"9":{"loc":{"start":{"line":142,"column":4},"end":{"line":147,"column":null}},"type":"if","locations":[{"start":{"line":142,"column":4},"end":{"line":147,"column":null}},{"start":{},"end":{}}]},"10":{"loc":{"start":{"line":182,"column":4},"end":{"line":187,"column":null}},"type":"if","locations":[{"start":{"line":182,"column":4},"end":{"line":187,"column":null}},{"start":{},"end":{}}]},"11":{"loc":{"start":{"line":189,"column":4},"end":{"line":191,"column":null}},"type":"if","locations":[{"start":{"line":189,"column":4},"end":{"line":191,"column":null}},{"start":{},"end":{}}]},"12":{"loc":{"start":{"line":193,"column":4},"end":{"line":195,"column":null}},"type":"if","locations":[{"start":{"line":193,"column":4},"end":{"line":195,"column":null}},{"start":{},"end":{}}]},"13":{"loc":{"start":{"line":197,"column":4},"end":{"line":199,"column":null}},"type":"if","locations":[{"start":{"line":197,"column":4},"end":{"line":199,"column":null}},{"start":{},"end":{}}]},"14":{"loc":{"start":{"line":201,"column":4},"end":{"line":203,"column":null}},"type":"if","locations":[{"start":{"line":201,"column":4},"end":{"line":203,"column":null}},{"start":{},"end":{}}]},"15":{"loc":{"start":{"line":204,"column":4},"end":{"line":206,"column":null}},"type":"if","locations":[{"start":{"line":204,"column":4},"end":{"line":206,"column":null}},{"start":{},"end":{}}]},"16":{"loc":{"start":{"line":208,"column":4},"end":{"line":210,"column":null}},"type":"if","locations":[{"start":{"line":208,"column":4},"end":{"line":210,"column":null}},{"start":{},"end":{}}]}},"s":{"0":10,"1":8,"2":8,"3":8,"4":2,"5":6,"6":6,"7":0,"8":6,"9":6,"10":6,"11":6,"12":0,"13":10,"14":3,"15":3,"16":3,"17":3,"18":3,"19":2,"20":1,"21":1,"22":0,"23":1,"24":1,"25":0,"26":0,"27":1,"28":1,"29":0,"30":10,"31":2,"32":2,"33":2,"34":2,"35":2,"36":1,"37":1,"38":1,"39":0,"40":1,"41":1,"42":1,"43":1,"44":1,"45":0,"46":10,"47":2,"48":2,"49":2,"50":2,"51":2,"52":2,"53":1,"54":1,"55":1,"56":1,"57":0,"58":1,"59":0,"60":1,"61":0,"62":1,"63":0,"64":1,"65":0,"66":1,"67":1,"68":0},"f":{"0":8,"1":3,"2":2,"3":1,"4":2},"b":{"0":[2,6],"1":[8,6,6,6,6,6],"2":[0,6],"3":[2,1],"4":[0,1],"5":[1,0],"6":[0,0],"7":[0,0],"8":[1,1],"9":[0,1],"10":[1,1],"11":[1,0],"12":[0,1],"13":[0,1],"14":[0,1],"15":[0,1],"16":[0,1]}}
,"C:\\Users\\nicheducan\\Desktop\\SQE\\expense-tracker-app-main\\backend\\controllers\\userController.js": {"path":"C:\\Users\\nicheducan\\Desktop\\SQE\\expense-tracker-app-main\\backend\\controllers\\userController.js","statementMap":{"0":{"start":{"line":4,"column":35},"end":{"line":56,"column":1}},"1":{"start":{"line":5,"column":4},"end":{"line":54,"column":null}},"2":{"start":{"line":6,"column":40},"end":{"line":6,"column":48}},"3":{"start":{"line":10,"column":8},"end":{"line":15,"column":null}},"4":{"start":{"line":11,"column":12},"end":{"line":14,"column":null}},"5":{"start":{"line":17,"column":19},"end":{"line":17,"column":null}},"6":{"start":{"line":19,"column":8},"end":{"line":24,"column":null}},"7":{"start":{"line":20,"column":12},"end":{"line":23,"column":null}},"8":{"start":{"line":26,"column":21},"end":{"line":26,"column":null}},"9":{"start":{"line":28,"column":31},"end":{"line":28,"column":null}},"10":{"start":{"line":32,"column":22},"end":{"line":36,"column":null}},"11":{"start":{"line":37,"column":8},"end":{"line":47,"column":null}},"12":{"start":{"line":50,"column":8},"end":{"line":53,"column":null}},"13":{"start":{"line":57,"column":32},"end":{"line":105,"column":2}},"14":{"start":{"line":58,"column":2},"end":{"line":104,"column":null}},"15":{"start":{"line":59,"column":32},"end":{"line":59,"column":40}},"16":{"start":{"line":61,"column":4},"end":{"line":66,"column":null}},"17":{"start":{"line":62,"column":6},"end":{"line":65,"column":null}},"18":{"start":{"line":69,"column":17},"end":{"line":69,"column":null}},"19":{"start":{"line":71,"column":4},"end":{"line":76,"column":null}},"20":{"start":{"line":72,"column":6},"end":{"line":75,"column":null}},"21":{"start":{"line":78,"column":20},"end":{"line":78,"column":null}},"22":{"start":{"line":80,"column":4},"end":{"line":85,"column":null}},"23":{"start":{"line":81,"column":6},"end":{"line":84,"column":null}},"24":{"start":{"line":88,"column":4},"end":{"line":98,"column":null}},"25":{"start":{"line":100,"column":4},"end":{"line":103,"column":null}},"26":{"start":{"line":106,"column":35},"end":{"line":128,"column":1}},"27":{"start":{"line":107,"column":4},"end":{"line":127,"column":null}},"28":{"start":{"line":109,"column":23},"end":{"line":109,"column":36}},"29":{"start":{"line":111,"column":26},"end":{"line":111,"column":40}},"30":{"start":{"line":113,"column":25},"end":{"line":117,"column":null}},"31":{"start":{"line":119,"column":8},"end":{"line":122,"column":null}},"32":{"start":{"line":126,"column":8},"end":{"line":126,"column":null}},"33":{"start":{"line":130,"column":24},"end":{"line":144,"column":1}},"34":{"start":{"line":131,"column":4},"end":{"line":143,"column":null}},"35":{"start":{"line":132,"column":21},"end":{"line":137,"column":null}},"36":{"start":{"line":139,"column":8},"end":{"line":139,"column":null}},"37":{"start":{"line":142,"column":8},"end":{"line":142,"column":null}}},"fnMap":{"0":{"name":"(anonymous_0)","decl":{"start":{"line":4,"column":35},"end":{"line":4,"column":42}},"loc":{"start":{"line":4,"column":52},"end":{"line":56,"column":1}}},"1":{"name":"(anonymous_1)","decl":{"start":{"line":57,"column":32},"end":{"line":57,"column":39}},"loc":{"start":{"line":57,"column":49},"end":{"line":105,"column":2}}},"2":{"name":"(anonymous_2)","decl":{"start":{"line":106,"column":35},"end":{"line":106,"column":42}},"loc":{"start":{"line":106,"column":52},"end":{"line":128,"column":1}}},"3":{"name":"(anonymous_3)","decl":{"start":{"line":130,"column":24},"end":{"line":130,"column":31}},"loc":{"start":{"line":130,"column":41},"end":{"line":144,"column":1}}}},"branchMap":{"0":{"loc":{"start":{"line":10,"column":8},"end":{"line":15,"column":null}},"type":"if","locations":[{"start":{"line":10,"column":8},"end":{"line":15,"column":null}},{"start":{},"end":{}}]},"1":{"loc":{"start":{"line":10,"column":11},"end":{"line":10,"column":40}},"type":"binary-expr","locations":[{"start":{"line":10,"column":11},"end":{"line":10,"column":20}},{"start":{"line":10,"column":20},"end":{"line":10,"column":30}},{"start":{"line":10,"column":30},"end":{"line":10,"column":40}}]},"2":{"loc":{"start":{"line":19,"column":8},"end":{"line":24,"column":null}},"type":"if","locations":[{"start":{"line":19,"column":8},"end":{"line":24,"column":null}},{"start":{},"end":{}}]},"3":{"loc":{"start":{"line":61,"column":4},"end":{"line":66,"column":null}},"type":"if","locations":[{"start":{"line":61,"column":4},"end":{"line":66,"column":null}},{"start":{},"end":{}}]},"4":{"loc":{"start":{"line":61,"column":8},"end":{"line":61,"column":29}},"type":"binary-expr","locations":[{"start":{"line":61,"column":8},"end":{"line":61,"column":18}},{"start":{"line":61,"column":18},"end":{"line":61,"column":29}}]},"5":{"loc":{"start":{"line":71,"column":4},"end":{"line":76,"column":null}},"type":"if","locations":[{"start":{"line":71,"column":4},"end":{"line":76,"column":null}},{"start":{},"end":{}}]},"6":{"loc":{"start":{"line":80,"column":4},"end":{"line":85,"column":null}},"type":"if","locations":[{"start":{"line":80,"column":4},"end":{"line":85,"column":null}},{"start":{},"end":{}}]}},"s":{"0":10,"1":13,"2":13,"3":13,"4":2,"5":11,"6":11,"7":1,"8":10,"9":10,"10":10,"11":9,"12":1,"13":10,"14":4,"15":4,"16":4,"17":1,"18":3,"19":3,"20":2,"21":1,"22":1,"23":0,"24":1,"25":0,"26":10,"27":1,"28":1,"29":1,"30":1,"31":1,"32":0,"33":10,"34":0,"35":0,"36":0,"37":0},"f":{"0":13,"1":4,"2":1,"3":0},"b":{"0":[2,11],"1":[13,11,11],"2":[1,10],"3":[1,3],"4":[4,3],"5":[2,1],"6":[0,1]}}
,"C:\\Users\\nicheducan\\Desktop\\SQE\\expense-tracker-app-main\\backend\\models\\TransactionModel.js": {"path":"C:\\Users\\nicheducan\\Desktop\\SQE\\expense-tracker-app-main\\backend\\models\\TransactionModel.js","statementMap":{"0":{"start":{"line":4,"column":26},"end":{"line":50,"column":null}},"1":{"start":{"line":52,"column":20},"end":{"line":52,"column":null}}},"fnMap":{},"branchMap":{},"s":{"0":10,"1":10},"f":{},"b":{}}
,"C:\\Users\\nicheducan\\Desktop\\SQE\\expense-tracker-app-main\\backend\\models\\UserSchema.js": {"path":"C:\\Users\\nicheducan\\Desktop\\SQE\\expense-tracker-app-main\\backend\\models\\UserSchema.js","statementMap":{"0":{"start":{"line":7,"column":19},"end":{"line":43,"column":null}},"1":{"start":{"line":45,"column":13},"end":{"line":45,"column":null}}},"fnMap":{},"branchMap":{},"s":{"0":10,"1":10},"f":{},"b":{}}
,"C:\\Users\\nicheducan\\Desktop\\SQE\\expense-tracker-app-main\\backend\\tests\\utils\\authHelper.js": {"path":"C:\\Users\\nicheducan\\Desktop\\SQE\\expense-tracker-app-main\\backend\\tests\\utils\\authHelper.js","statementMap":{"0":{"start":{"line":5,"column":17},"end":{"line":5,"column":null}},"1":{"start":{"line":7,"column":30},"end":{"line":20,"column":2}},"2":{"start":{"line":8,"column":2},"end":{"line":8,"column":null}},"3":{"start":{"line":8,"column":18},"end":{"line":8,"column":null}},"4":{"start":{"line":10,"column":14},"end":{"line":16,"column":null}},"5":{"start":{"line":18,"column":2},"end":{"line":18,"column":null}},"6":{"start":{"line":19,"column":2},"end":{"line":19,"column":null}},"7":{"start":{"line":22,"column":23},"end":{"line":24,"column":2}},"8":{"start":{"line":23,"column":2},"end":{"line":23,"column":null}}},"fnMap":{"0":{"name":"(anonymous_0)","decl":{"start":{"line":7,"column":30},"end":{"line":7,"column":null}},"loc":{"start":{"line":7,"column":30},"end":{"line":20,"column":2}}},"1":{"name":"(anonymous_1)","decl":{"start":{"line":22,"column":23},"end":{"line":22,"column":null}},"loc":{"start":{"line":22,"column":23},"end":{"line":24,"column":2}}}},"branchMap":{"0":{"loc":{"start":{"line":8,"column":2},"end":{"line":8,"column":null}},"type":"if","locations":[{"start":{"line":8,"column":2},"end":{"line":8,"column":null}},{"start":{},"end":{}}]}},"s":{"0":4,"1":4,"2":4,"3":0,"4":4,"5":4,"6":4,"7":4,"8":0},"f":{"0":4,"1":0},"b":{"0":[0,4]}}
}
