TN:
SF:app.js
FN:31,(anonymous_0)
FN:59,(anonymous_1)
FN:68,(anonymous_2)
FN:80,(anonymous_3)
FNF:4
FNH:1
FNDA:1,(anonymous_0)
FNDA:0,(anonymous_1)
FNDA:0,(anonymous_2)
FNDA:0,(anonymous_3)
DA:3,10
DA:17,10
DA:19,10
DA:25,10
DA:26,10
DA:29,10
DA:31,10
DA:32,1
DA:35,10
DA:42,10
DA:43,10
DA:50,10
DA:51,10
DA:52,10
DA:53,10
DA:54,10
DA:56,10
DA:57,10
DA:59,10
DA:60,0
DA:64,10
DA:68,10
DA:69,0
DA:70,0
DA:71,0
DA:76,10
DA:79,10
DA:80,0
DA:81,0
LF:29
LH:23
BRDA:76,0,0,10
BRDA:76,0,1,0
BRDA:79,1,0,0
BRDA:79,1,1,10
BRF:4
BRH:2
end_of_record
TN:
SF:DB\Database.js
FN:11,(anonymous_0)
FNF:1
FNH:1
FNDA:20,(anonymous_0)
DA:4,10
DA:8,10
DA:11,10
DA:12,20
DA:13,20
DA:14,20
DA:18,20
DA:20,0
DA:21,0
LF:9
LH:7
BRF:0
BRH:0
end_of_record
TN:
SF:Routers\Transactions.js
FNF:0
FNH:0
DA:4,10
DA:6,10
DA:8,10
DA:10,10
DA:12,10
LF:5
LH:5
BRF:0
BRH:0
end_of_record
TN:
SF:Routers\userRouter.js
FNF:0
FNH:0
DA:4,10
DA:6,10
DA:8,10
DA:10,10
LF:4
LH:4
BRF:0
BRH:0
end_of_record
TN:
SF:controllers\transactionController.js
FN:5,(anonymous_0)
FN:68,(anonymous_1)
FN:123,(anonymous_2)
FN:150,(anonymous_3)
FN:171,(anonymous_4)
FNF:5
FNH:5
FNDA:5,(anonymous_0)
FNDA:2,(anonymous_1)
FNDA:2,(anonymous_2)
FNDA:1,(anonymous_3)
FNDA:2,(anonymous_4)
DA:5,10
DA:6,5
DA:15,5
DA:19,5
DA:27,2
DA:33,3
DA:35,3
DA:36,0
DA:42,3
DA:52,3
DA:54,3
DA:56,3
DA:61,0
DA:68,10
DA:69,2
DA:70,2
DA:72,2
DA:74,2
DA:76,2
DA:77,1
DA:84,1
DA:88,1
DA:89,0
DA:93,1
DA:94,1
DA:97,0
DA:98,0
DA:106,1
DA:110,1
DA:115,0
DA:123,10
DA:124,2
DA:125,2
DA:126,2
DA:130,2
DA:132,2
DA:133,1
DA:138,1
DA:142,1
DA:143,0
DA:149,1
DA:150,1
DA:153,1
DA:155,1
DA:159,1
DA:164,0
DA:171,10
DA:172,2
DA:173,2
DA:176,2
DA:178,2
DA:180,2
DA:182,2
DA:183,1
DA:189,1
DA:190,1
DA:193,1
DA:194,0
DA:197,1
DA:198,0
DA:201,1
DA:202,0
DA:204,1
DA:205,0
DA:208,1
DA:209,0
DA:212,1
DA:216,1
DA:222,0
LF:69
LH:55
BRDA:19,0,0,2
BRDA:19,0,1,3
BRDA:20,1,0,5
BRDA:20,1,1,4
BRDA:20,1,2,4
BRDA:20,1,3,3
BRDA:20,1,4,3
BRDA:20,1,5,3
BRDA:35,2,0,0
BRDA:35,2,1,3
BRDA:76,3,0,1
BRDA:76,3,1,1
BRDA:88,4,0,0
BRDA:88,4,1,1
BRDA:93,5,0,1
BRDA:93,5,1,0
BRDA:97,6,0,0
BRDA:97,6,1,0
BRDA:97,7,0,0
BRDA:97,7,1,0
BRDA:132,8,0,1
BRDA:132,8,1,1
BRDA:142,9,0,0
BRDA:142,9,1,1
BRDA:182,10,0,1
BRDA:182,10,1,1
BRDA:189,11,0,1
BRDA:189,11,1,0
BRDA:193,12,0,0
BRDA:193,12,1,1
BRDA:197,13,0,0
BRDA:197,13,1,1
BRDA:201,14,0,0
BRDA:201,14,1,1
BRDA:204,15,0,0
BRDA:204,15,1,1
BRDA:208,16,0,0
BRDA:208,16,1,1
BRF:38
BRH:24
end_of_record
TN:
SF:controllers\userController.js
FN:4,(anonymous_0)
FN:57,(anonymous_1)
FN:106,(anonymous_2)
FN:130,(anonymous_3)
FNF:4
FNH:3
FNDA:13,(anonymous_0)
FNDA:3,(anonymous_1)
FNDA:1,(anonymous_2)
FNDA:0,(anonymous_3)
DA:4,10
DA:5,13
DA:6,13
DA:10,13
DA:11,2
DA:17,11
DA:19,11
DA:20,1
DA:26,10
DA:28,10
DA:32,10
DA:37,9
DA:50,1
DA:57,10
DA:58,3
DA:59,3
DA:61,3
DA:62,1
DA:69,2
DA:71,2
DA:72,1
DA:78,1
DA:80,1
DA:81,0
DA:88,1
DA:100,0
DA:106,10
DA:107,1
DA:109,1
DA:111,1
DA:113,1
DA:119,1
DA:126,0
DA:130,10
DA:131,0
DA:132,0
DA:139,0
DA:142,0
LF:38
LH:31
BRDA:10,0,0,2
BRDA:10,0,1,11
BRDA:10,1,0,13
BRDA:10,1,1,11
BRDA:10,1,2,11
BRDA:19,2,0,1
BRDA:19,2,1,10
BRDA:61,3,0,1
BRDA:61,3,1,2
BRDA:61,4,0,3
BRDA:61,4,1,2
BRDA:71,5,0,1
BRDA:71,5,1,1
BRDA:80,6,0,0
BRDA:80,6,1,1
BRF:15
BRH:14
end_of_record
TN:
SF:models\TransactionModel.js
FNF:0
FNH:0
DA:4,10
DA:52,10
LF:2
LH:2
BRF:0
BRH:0
end_of_record
TN:
SF:models\UserSchema.js
FNF:0
FNH:0
DA:7,10
DA:45,10
LF:2
LH:2
BRF:0
BRH:0
end_of_record
TN:
SF:tests\utils\authHelper.js
FN:7,(anonymous_0)
FN:22,(anonymous_1)
FNF:2
FNH:1
FNDA:1,(anonymous_0)
FNDA:0,(anonymous_1)
DA:5,1
DA:7,1
DA:8,1
DA:10,1
DA:18,1
DA:19,1
DA:22,1
DA:23,0
LF:8
LH:7
BRDA:8,0,0,0
BRDA:8,0,1,1
BRF:2
BRH:1
end_of_record
